|SourceProjectName:TPubTemp.pss
|DestinationProjectName:index.html
TPubTemp.hhc
TPubTemp.hhk
SampleBook\GeneralInfo\GeneralInfo.htm
SampleBook\GeneralInfo\General_Information.htm
SampleBook\GeneralInfo\Numbering_Convention.htm
SampleBook\GeneralInfo\Condition_of_Use.htm
SampleBook\GeneralInfo\Abbreviations.htm
SampleBook\GeneralInfo\Safety.htm
SampleBook\SampleJobCard\SampleJobCard.htm
SampleBook\SampleJobCard\Sign-off_Sheet.htm
SampleBook\SampleJobCard\Initial_Tasks.htm
SampleBook\SampleJobCard\Roof_Equipment_Maintenance.htm
SampleBook\SampleJobCard\Underframe_Maintenance.htm
SampleBook\SampleJobCard\Bogie_Maintenance.htm
SampleBook\SampleJobCard\Pneumatics_Maintenance.htm
SampleBook\SampleJobCard\Body_Exterior_Maintenance.htm
SampleBook\SampleJobCard\Interior_Maintenance.htm
SampleBook\SampleJobCard\Crew_Cab_Maintenance.htm
SampleBook\SampleJobCard\Crew_Cab_Maintenance_Continued.htm
SampleBook\SampleJobCard\Defect_Clearance.htm
SampleBook\SampleJobCard\Pre-release_Checks.htm
SampleBook\001_SampleTask\001_SampleTask.htm
SampleBook\003_SampleTask\003_SampleTask.htm
SampleBook\002_SampleTask\002_SampleTask.htm
template\Azure_Blue_Responsive\andsearch_mark.png
template\Azure_Blue_Responsive\andsearch_nomark.png
template\Azure_Blue_Responsive\back_mobile_filter.png
template\Azure_Blue_Responsive\back_mobile_ltr.png
template\Azure_Blue_Responsive\back_mobile_rtl.png
template\Azure_Blue_Responsive\filter_clearall.png
template\Azure_Blue_Responsive\filter_desktop.png
template\Azure_Blue_Responsive\filter_desktop_applied.png
template\Azure_Blue_Responsive\filter_mark.png
template\Azure_Blue_Responsive\filter_mark_radio.png
template\Azure_Blue_Responsive\filter_mobile.png
template\Azure_Blue_Responsive\filter_mobile_applied.png
template\Azure_Blue_Responsive\filter_nomark.png
template\Azure_Blue_Responsive\filter_nomark_radio.png
template\Azure_Blue_Responsive\filter_tab.png
template\Azure_Blue_Responsive\filter_tab_applied.png
template\Azure_Blue_Responsive\glossary_desktop.png
template\Azure_Blue_Responsive\glossary_mobile.png
template\Azure_Blue_Responsive\glossary_tab.png
template\Azure_Blue_Responsive\idx_topic.png
template\Azure_Blue_Responsive\index_desktop.png
template\Azure_Blue_Responsive\index_mobile.png
template\Azure_Blue_Responsive\index_tab.png
template\Azure_Blue_Responsive\layout-rtl.css
template\Azure_Blue_Responsive\layout.css
template\Azure_Blue_Responsive\loading.gif
template\Azure_Blue_Responsive\logo.png
template\Azure_Blue_Responsive\MasterThemeSchema.xml
template\Azure_Blue_Responsive\menu.png
template\Azure_Blue_Responsive\next.png
template\Azure_Blue_Responsive\next_active.png
template\Azure_Blue_Responsive\next_mobile.png
template\Azure_Blue_Responsive\next_mobile_active.png
template\Azure_Blue_Responsive\next_tab.png
template\Azure_Blue_Responsive\next_tab_active.png
template\Azure_Blue_Responsive\preview\content.png
template\Azure_Blue_Responsive\preview\filter-mobile.png
template\Azure_Blue_Responsive\preview\filter.png
template\Azure_Blue_Responsive\preview\functionbar-desktop.png
template\Azure_Blue_Responsive\preview\functionbar-mobile.png
template\Azure_Blue_Responsive\preview\functionbar-tablet.png
template\Azure_Blue_Responsive\preview\glossary.png
template\Azure_Blue_Responsive\preview\header.png
template\Azure_Blue_Responsive\preview\index.png
template\Azure_Blue_Responsive\preview\layout-media-queries.png
template\Azure_Blue_Responsive\preview\search-mobile.png
template\Azure_Blue_Responsive\preview\search.png
template\Azure_Blue_Responsive\preview\sidebar-desktop.png
template\Azure_Blue_Responsive\preview\sidebar-mobile.png
template\Azure_Blue_Responsive\preview\sidebar-tablet.png
template\Azure_Blue_Responsive\preview\social.png
template\Azure_Blue_Responsive\preview\toc-desktop.png
template\Azure_Blue_Responsive\preview\toc-mobile.png
template\Azure_Blue_Responsive\preview\user-settings.png
template\Azure_Blue_Responsive\previous.png
template\Azure_Blue_Responsive\previous_active.png
template\Azure_Blue_Responsive\previous_mobile.png
template\Azure_Blue_Responsive\previous_mobile_active.png
template\Azure_Blue_Responsive\previous_tab.png
template\Azure_Blue_Responsive\previous_tab_active.png
template\Azure_Blue_Responsive\print_desktop.png
template\Azure_Blue_Responsive\search_desktop.png
template\Azure_Blue_Responsive\search_desktop_active.png
template\Azure_Blue_Responsive\search_desktop_navigation.png
template\Azure_Blue_Responsive\search_mobile.png
template\Azure_Blue_Responsive\search_mobile_active.png
template\Azure_Blue_Responsive\search_mobile_navigation.png
template\Azure_Blue_Responsive\search_tab.png
template\Azure_Blue_Responsive\slider_ltr.png
template\Azure_Blue_Responsive\slider_open_ltr.png
template\Azure_Blue_Responsive\slider_open_rtl.png
template\Azure_Blue_Responsive\slider_rtl.png
template\Azure_Blue_Responsive\SLZConfig.xml
template\Azure_Blue_Responsive\social_close_ltr.png
template\Azure_Blue_Responsive\social_close_rtl.png
template\Azure_Blue_Responsive\social_open.png
template\Azure_Blue_Responsive\toc_book_closed_desktop.png
template\Azure_Blue_Responsive\toc_book_closed_mobile.png
template\Azure_Blue_Responsive\toc_book_open_desktop.png
template\Azure_Blue_Responsive\toc_book_open_drildown.png
template\Azure_Blue_Responsive\toc_book_open_mobile.png
template\Azure_Blue_Responsive\toc_desktop.png
template\Azure_Blue_Responsive\toc_link_desktop_ltr.png
template\Azure_Blue_Responsive\toc_link_desktop_rtl.png
template\Azure_Blue_Responsive\toc_link_mobile_ltr.png
template\Azure_Blue_Responsive\toc_link_mobile_rtl.png
template\Azure_Blue_Responsive\toc_mobile.png
template\Azure_Blue_Responsive\toc_tab.png
template\Azure_Blue_Responsive\toc_topic_desktop.png
template\Azure_Blue_Responsive\toc_topic_mobile.png
template\Azure_Blue_Responsive\top.png
template\Azure_Blue_Responsive\Topic.slp
template\Azure_Blue_Responsive\usersettings.js
SampleBook\GeneralInfo\GeneralInfo.css
SampleBook\SampleJobCard\SampleJobCard.css
SampleBook\001_SampleTask\001_SampleTask.css
SampleBook\003_SampleTask\003_SampleTask.css
SampleBook\002_SampleTask\002_SampleTask.css
SampleBook\SampleJobCard\inset_0.png
SampleBook\001_SampleTask\inset_0.png
SampleBook\003_SampleTask\inset_0.png
SampleBook\002_SampleTask\inset_0.png
Responsive_HTML5_!MasterPage!\new.css
RoboHHRE.lng
Responsive_HTML5_!MasterPage!\icon-danger.png
Responsive_HTML5_!MasterPage!\icon-caution.png
ehlpdhtm.js
index.html
whxdata\toc2.js
whxdata\toc2.new.js
whxdata\toc1.js
whxdata\toc1.new.js
whxdata\toc4.js
whxdata\toc4.new.js
whxdata\toc3.js
whxdata\toc3.new.js
whxdata\toc.js
whxdata\toc.new.js
whxdata\idx.js
whxdata\glo.js
whxdata\package_0_xml.js
whxdata\package_1_xml.js
whxdata\package_2_xml.js
whxdata\package_3_xml.js
whxdata\packageindex_xml.js
whxdata\synonym.xml
whxdata\synonym_xml.js
whxdata\topictable_0_xml.js
whxdata\topictableindex_xml.js
whxdata\whfts.xml
whxdata\whfts_xml.js
whxdata\csh.js
whxdata\window.js
projectdata.js
